<?xml version="1.0" encoding="UTF-8"?>
<coverage generated="1654645095513" clover="3.2.0">
  <project timestamp="1654645095513" name="All files">
    <metrics statements="17" coveredstatements="17" conditionals="4" coveredconditionals="4" methods="8" coveredmethods="8" elements="29" coveredelements="29" complexity="0" loc="17" ncloc="17" packages="1" files="4" classes="4"/>
    <file name="calculator.js" path="/Users/giuseppe/Desktop/MICROVERSE/MODULE_2/jest-test-1/calculator.js">
      <metrics statements="7" coveredstatements="7" conditionals="0" coveredconditionals="0" methods="5" coveredmethods="5"/>
      <line num="3" count="12" type="stmt"/>
      <line num="4" count="12" type="stmt"/>
      <line num="8" count="3" type="stmt"/>
      <line num="12" count="3" type="stmt"/>
      <line num="16" count="3" type="stmt"/>
      <line num="20" count="3" type="stmt"/>
      <line num="24" count="1" type="stmt"/>
    </file>
    <file name="capitalize.js" path="/Users/giuseppe/Desktop/MICROVERSE/MODULE_2/jest-test-1/capitalize.js">
      <metrics statements="2" coveredstatements="2" conditionals="0" coveredconditionals="0" methods="1" coveredmethods="1"/>
      <line num="1" count="1" type="stmt"/>
      <line num="2" count="1" type="stmt"/>
    </file>
    <file name="reverse-string.js" path="/Users/giuseppe/Desktop/MICROVERSE/MODULE_2/jest-test-1/reverse-string.js">
      <metrics statements="3" coveredstatements="3" conditionals="0" coveredconditionals="0" methods="1" coveredmethods="1"/>
      <line num="2" count="1" type="stmt"/>
      <line num="3" count="1" type="stmt"/>
      <line num="6" count="1" type="stmt"/>
    </file>
    <file name="string-length.js" path="/Users/giuseppe/Desktop/MICROVERSE/MODULE_2/jest-test-1/string-length.js">
      <metrics statements="5" coveredstatements="5" conditionals="4" coveredconditionals="4" methods="1" coveredmethods="1"/>
      <line num="2" count="3" type="stmt"/>
      <line num="3" count="3" type="cond" truecount="4" falsecount="0"/>
      <line num="4" count="2" type="stmt"/>
      <line num="6" count="1" type="stmt"/>
      <line num="9" count="1" type="stmt"/>
    </file>
  </project>
</coverage>
