TN:
SF:calculator.js
FN:2,(anonymous_0)
FN:7,(anonymous_1)
FN:11,(anonymous_2)
FN:15,(anonymous_3)
FN:19,(anonymous_4)
FNF:5
FNH:5
FNDA:12,(anonymous_0)
FNDA:3,(anonymous_1)
FNDA:3,(anonymous_2)
FNDA:3,(anonymous_3)
FNDA:3,(anonymous_4)
DA:3,12
DA:4,12
DA:8,3
DA:12,3
DA:16,3
DA:20,3
DA:24,1
LF:7
LH:7
BRF:0
BRH:0
end_of_record
TN:
SF:capitalize.js
FN:1,(anonymous_0)
FNF:1
FNH:1
FNDA:1,(anonymous_0)
DA:1,1
DA:2,1
LF:2
LH:2
BRF:0
BRH:0
end_of_record
TN:
SF:reverse-string.js
FN:1,reverseString
FNF:1
FNH:1
FNDA:1,reverseString
DA:2,1
DA:3,1
DA:6,1
LF:3
LH:3
BRF:0
BRH:0
end_of_record
TN:
SF:string-length.js
FN:1,stringLength
FNF:1
FNH:1
FNDA:3,stringLength
DA:2,3
DA:3,3
DA:4,2
DA:6,1
DA:9,1
LF:5
LH:5
BRDA:3,0,0,2
BRDA:3,0,1,1
BRDA:3,1,0,3
BRDA:3,1,1,2
BRF:4
BRH:4
end_of_record
